<?xml version="1.0" encoding="UTF-8"?>
<coverage generated="1660918790">
  <project timestamp="1660918790">
    <file name="/var/code/src/VPA/Logger/BaseLogger.php">
      <class name="VPA\Logger\BaseLogger" namespace="global">
        <metrics complexity="12" methods="10" coveredmethods="10" conditionals="0" coveredconditionals="0" statements="13" coveredstatements="13" elements="23" coveredelements="23"/>
      </class>
      <line num="18" type="method" name="emergency" visibility="public" complexity="1" crap="1" count="2"/>
      <line num="20" type="stmt" count="2"/>
      <line num="30" type="method" name="alert" visibility="public" complexity="1" crap="1" count="2"/>
      <line num="32" type="stmt" count="2"/>
      <line num="42" type="method" name="critical" visibility="public" complexity="1" crap="1" count="2"/>
      <line num="44" type="stmt" count="2"/>
      <line num="55" type="method" name="error" visibility="public" complexity="1" crap="1" count="2"/>
      <line num="57" type="stmt" count="2"/>
      <line num="67" type="method" name="warning" visibility="public" complexity="1" crap="1" count="2"/>
      <line num="69" type="stmt" count="2"/>
      <line num="79" type="method" name="notice" visibility="public" complexity="1" crap="1" count="2"/>
      <line num="81" type="stmt" count="2"/>
      <line num="91" type="method" name="info" visibility="public" complexity="1" crap="1" count="2"/>
      <line num="93" type="stmt" count="2"/>
      <line num="103" type="method" name="debug" visibility="public" complexity="1" crap="1" count="3"/>
      <line num="105" type="stmt" count="3"/>
      <line num="115" type="method" name="interpolate" visibility="protected" complexity="2" crap="2" count="18"/>
      <line num="118" type="stmt" count="18"/>
      <line num="119" type="stmt" count="18"/>
      <line num="120" type="stmt" count="18"/>
      <line num="124" type="stmt" count="18"/>
      <line num="131" type="method" name="castValue" visibility="protected" complexity="1" crap="1" count="9"/>
      <line num="133" type="stmt" count="9"/>
      <metrics loc="136" ncloc="70" classes="1" methods="10" coveredmethods="10" conditionals="0" coveredconditionals="0" statements="13" coveredstatements="13" elements="23" coveredelements="23"/>
    </file>
    <file name="/var/code/src/VPA/Logger/ConsoleLogger.php">
      <class name="VPA\Logger\ConsoleLogger" namespace="global">
        <metrics complexity="7" methods="5" coveredmethods="4" conditionals="0" coveredconditionals="0" statements="33" coveredstatements="32" elements="38" coveredelements="36"/>
      </class>
      <line num="25" type="method" name="log" visibility="public" complexity="1" crap="1" count="9"/>
      <line num="27" type="stmt" count="9"/>
      <line num="29" type="stmt" count="9"/>
      <line num="30" type="stmt" count="1"/>
      <line num="31" type="stmt" count="1"/>
      <line num="32" type="stmt" count="2"/>
      <line num="33" type="stmt" count="1"/>
      <line num="34" type="stmt" count="2"/>
      <line num="35" type="stmt" count="1"/>
      <line num="36" type="stmt" count="1"/>
      <line num="38" type="stmt" count="9"/>
      <line num="41" type="method" name="castValue" visibility="protected" complexity="1" crap="1" count="9"/>
      <line num="43" type="stmt" count="9"/>
      <line num="45" type="stmt" count="9"/>
      <line num="46" type="stmt" count="9"/>
      <line num="51" type="method" name="format1DArray" visibility="private" complexity="2" crap="2" count="1"/>
      <line num="53" type="stmt" count="1"/>
      <line num="54" type="stmt" count="1"/>
      <line num="57" type="stmt" count="1"/>
      <line num="58" type="stmt" count="1"/>
      <line num="62" type="stmt" count="1"/>
      <line num="64" type="stmt" count="1"/>
      <line num="66" type="stmt" count="1"/>
      <line num="67" type="stmt" count="1"/>
      <line num="68" type="stmt" count="1"/>
      <line num="69" type="stmt" count="1"/>
      <line num="72" type="stmt" count="1"/>
      <line num="74" type="stmt" count="1"/>
      <line num="78" type="stmt" count="1"/>
      <line num="81" type="method" name="getDimensional" visibility="private" complexity="2" crap="2.06" count="1"/>
      <line num="83" type="stmt" count="1"/>
      <line num="84" type="stmt" count="0"/>
      <line num="86" type="stmt" count="1"/>
      <line num="89" type="stmt" count="1"/>
      <line num="92" type="method" name="formatArray" visibility="private" complexity="1" crap="1" count="1"/>
      <line num="94" type="stmt" count="1"/>
      <line num="96" type="stmt" count="1"/>
      <line num="97" type="stmt" count="1"/>
      <metrics loc="101" ncloc="93" classes="1" methods="5" coveredmethods="4" conditionals="0" coveredconditionals="0" statements="33" coveredstatements="32" elements="38" coveredelements="36"/>
    </file>
    <file name="/var/code/src/VPA/Logger/JSConsoleLogger.php">
      <class name="VPA\Logger\JSConsoleLogger" namespace="global">
        <metrics complexity="3" methods="3" coveredmethods="2" conditionals="0" coveredconditionals="0" statements="14" coveredstatements="13" elements="17" coveredelements="15"/>
      </class>
      <line num="21" type="method" name="table" visibility="public" complexity="1" crap="2" count="0"/>
      <line num="23" type="stmt" count="0"/>
      <line num="34" type="method" name="log" visibility="public" complexity="1" crap="1" count="9"/>
      <line num="36" type="stmt" count="9"/>
      <line num="37" type="stmt" count="9"/>
      <line num="38" type="stmt" count="1"/>
      <line num="39" type="stmt" count="1"/>
      <line num="40" type="stmt" count="1"/>
      <line num="41" type="stmt" count="1"/>
      <line num="42" type="stmt" count="5"/>
      <line num="45" type="stmt" count="9"/>
      <line num="48" type="stmt" count="9"/>
      <line num="50" type="stmt" count="9"/>
      <line num="54" type="method" name="stringFormat" visibility="private" complexity="1" crap="1" count="9"/>
      <line num="56" type="stmt" count="9"/>
      <line num="57" type="stmt" count="9"/>
      <line num="59" type="stmt" count="9"/>
      <metrics loc="62" ncloc="46" classes="1" methods="3" coveredmethods="2" conditionals="0" coveredconditionals="0" statements="14" coveredstatements="13" elements="17" coveredelements="15"/>
    </file>
    <metrics files="3" loc="299" ncloc="209" classes="3" methods="18" coveredmethods="16" conditionals="0" coveredconditionals="0" statements="60" coveredstatements="58" elements="78" coveredelements="74"/>
  </project>
</coverage>
