<?xml version="1.0" encoding="UTF-8"?>
<coverage generated="1660778723">
  <project timestamp="1660778723">
    <file name="/var/code/src/VPA/Logger/BaseLogger.php">
      <class name="VPA\Logger\BaseLogger" namespace="global">
        <metrics complexity="11" methods="9" coveredmethods="9" conditionals="0" coveredconditionals="0" statements="12" coveredstatements="12" elements="21" coveredelements="21"/>
      </class>
      <line num="19" type="method" name="emergency" visibility="public" complexity="1" crap="1" count="2"/>
      <line num="21" type="stmt" count="2"/>
      <line num="31" type="method" name="alert" visibility="public" complexity="1" crap="1" count="2"/>
      <line num="33" type="stmt" count="2"/>
      <line num="43" type="method" name="critical" visibility="public" complexity="1" crap="1" count="2"/>
      <line num="45" type="stmt" count="2"/>
      <line num="56" type="method" name="error" visibility="public" complexity="1" crap="1" count="2"/>
      <line num="58" type="stmt" count="2"/>
      <line num="68" type="method" name="warning" visibility="public" complexity="1" crap="1" count="2"/>
      <line num="70" type="stmt" count="2"/>
      <line num="80" type="method" name="notice" visibility="public" complexity="1" crap="1" count="2"/>
      <line num="82" type="stmt" count="2"/>
      <line num="92" type="method" name="info" visibility="public" complexity="1" crap="1" count="2"/>
      <line num="94" type="stmt" count="2"/>
      <line num="104" type="method" name="debug" visibility="public" complexity="1" crap="1" count="2"/>
      <line num="106" type="stmt" count="2"/>
      <line num="116" type="method" name="interpolate" visibility="protected" complexity="2" crap="2" count="19"/>
      <line num="119" type="stmt" count="19"/>
      <line num="120" type="stmt" count="19"/>
      <line num="121" type="stmt" count="19"/>
      <line num="125" type="stmt" count="19"/>
      <metrics loc="133" ncloc="67" classes="1" methods="9" coveredmethods="9" conditionals="0" coveredconditionals="0" statements="12" coveredstatements="12" elements="21" coveredelements="21"/>
    </file>
    <file name="/var/code/src/VPA/Logger/ConsoleLogger.php">
      <class name="VPA\Logger\ConsoleLogger" namespace="global">
        <metrics complexity="9" methods="2" coveredmethods="2" conditionals="0" coveredconditionals="0" statements="24" coveredstatements="24" elements="26" coveredelements="26"/>
      </class>
      <line num="19" type="method" name="table" visibility="public" complexity="1" crap="1" count="1"/>
      <line num="21" type="stmt" count="1"/>
      <line num="32" type="method" name="log" visibility="public" complexity="8" crap="8" count="9"/>
      <line num="34" type="stmt" count="9"/>
      <line num="35" type="stmt" count="9"/>
      <line num="36" type="stmt" count="9"/>
      <line num="37" type="stmt" count="9"/>
      <line num="38" type="stmt" count="1"/>
      <line num="39" type="stmt" count="1"/>
      <line num="40" type="stmt" count="8"/>
      <line num="41" type="stmt" count="1"/>
      <line num="42" type="stmt" count="1"/>
      <line num="43" type="stmt" count="7"/>
      <line num="44" type="stmt" count="1"/>
      <line num="45" type="stmt" count="1"/>
      <line num="46" type="stmt" count="6"/>
      <line num="47" type="stmt" count="1"/>
      <line num="48" type="stmt" count="1"/>
      <line num="49" type="stmt" count="5"/>
      <line num="50" type="stmt" count="4"/>
      <line num="51" type="stmt" count="2"/>
      <line num="52" type="stmt" count="2"/>
      <line num="53" type="stmt" count="3"/>
      <line num="54" type="stmt" count="1"/>
      <line num="55" type="stmt" count="1"/>
      <line num="57" type="stmt" count="9"/>
      <metrics loc="61" ncloc="46" classes="1" methods="2" coveredmethods="2" conditionals="0" coveredconditionals="0" statements="24" coveredstatements="24" elements="26" coveredelements="26"/>
    </file>
    <file name="/var/code/src/VPA/Logger/JSConsoleLogger.php">
      <class name="VPA\Logger\JSConsoleLogger" namespace="global">
        <metrics complexity="9" methods="3" coveredmethods="3" conditionals="0" coveredconditionals="0" statements="18" coveredstatements="18" elements="21" coveredelements="21"/>
      </class>
      <line num="22" type="method" name="table" visibility="public" complexity="1" crap="1" count="1"/>
      <line num="24" type="stmt" count="1"/>
      <line num="35" type="method" name="log" visibility="public" complexity="7" crap="7" count="10"/>
      <line num="37" type="stmt" count="10"/>
      <line num="38" type="stmt" count="10"/>
      <line num="40" type="stmt" count="1"/>
      <line num="41" type="stmt" count="1"/>
      <line num="43" type="stmt" count="1"/>
      <line num="44" type="stmt" count="1"/>
      <line num="46" type="stmt" count="1"/>
      <line num="47" type="stmt" count="1"/>
      <line num="49" type="stmt" count="1"/>
      <line num="50" type="stmt" count="1"/>
      <line num="51" type="stmt" count="6"/>
      <line num="52" type="stmt" count="1"/>
      <line num="53" type="stmt" count="1"/>
      <line num="55" type="stmt" count="5"/>
      <line num="59" type="method" name="stringFormat" visibility="private" complexity="1" crap="1" count="10"/>
      <line num="61" type="stmt" count="10"/>
      <line num="62" type="stmt" count="10"/>
      <line num="64" type="stmt" count="10"/>
      <metrics loc="66" ncloc="50" classes="1" methods="3" coveredmethods="3" conditionals="0" coveredconditionals="0" statements="18" coveredstatements="18" elements="21" coveredelements="21"/>
    </file>
    <metrics files="3" loc="260" ncloc="163" classes="3" methods="14" coveredmethods="14" conditionals="0" coveredconditionals="0" statements="54" coveredstatements="54" elements="68" coveredelements="68"/>
  </project>
</coverage>
